-------------------------------------------------------------------------------
Test set: com.michaelsgroi.test.junitility.integration.BeforeEachFailureTest
-------------------------------------------------------------------------------
Tests run: 2, Failures: 0, Errors: 2, Skipped: 0, Time elapsed: 0.002 s <<< FAILURE! -- in com.michaelsgroi.test.junitility.integration.BeforeEachFailureTest
com.michaelsgroi.test.junitility.integration.BeforeEachFailureTest.testWithFailingSetup1 -- Time elapsed: 0.001 s <<< ERROR!
java.lang.RuntimeException: BeforeEach failed
	at com.michaelsgroi.test.junitility.integration.BeforeEachFailureTest.setupThatFails(BeforeEachFailureTest.kt:8)
	at java.base/java.lang.reflect.Method.invoke(Method.java:565)
	at java.base/java.util.ArrayList.forEach(ArrayList.java:1604)
	at java.base/java.util.ArrayList.forEach(ArrayList.java:1604)

com.michaelsgroi.test.junitility.integration.BeforeEachFailureTest.testWithFailingSetup2 -- Time elapsed: 0 s <<< ERROR!
java.lang.RuntimeException: BeforeEach failed
	at com.michaelsgroi.test.junitility.integration.BeforeEachFailureTest.setupThatFails(BeforeEachFailureTest.kt:8)
	at java.base/java.lang.reflect.Method.invoke(Method.java:565)
	at java.base/java.util.ArrayList.forEach(ArrayList.java:1604)
	at java.base/java.util.ArrayList.forEach(ArrayList.java:1604)

