-------------------------------------------------------------------------------
Test set: com.michaelsgroi.test.junitility.integration.BeforeAllFailureTest
-------------------------------------------------------------------------------
Tests run: 1, Failures: 0, Errors: 1, Skipped: 0, Time elapsed: 0.001 s <<< FAILURE! -- in com.michaelsgroi.test.junitility.integration.BeforeAllFailureTest
com.michaelsgroi.test.junitility.integration.BeforeAllFailureTest -- Time elapsed: 0.001 s <<< ERROR!
java.lang.RuntimeException: BeforeAll failed
	at com.michaelsgroi.test.junitility.integration.BeforeAllFailureTest$Companion.setupThatFails(BeforeAllFailureTest.kt:10)
	at com.michaelsgroi.test.junitility.integration.BeforeAllFailureTest.setupThatFails(BeforeAllFailureTest.kt)
	at java.base/java.lang.reflect.Method.invoke(Method.java:565)
	at java.base/java.util.ArrayList.forEach(ArrayList.java:1604)

