-------------------------------------------------------------------------------
Test set: com.michaelsgroi.test.junitility.integration.MixedResultsTest
-------------------------------------------------------------------------------
Tests run: 9, Failures: 2, Errors: 2, Skipped: 0, Time elapsed: 0.014 s <<< FAILURE! -- in com.michaelsgroi.test.junitility.integration.MixedResultsTest
com.michaelsgroi.test.junitility.integration.MixedResultsTest.testError1 -- Time elapsed: 0.001 s <<< ERROR!
java.lang.IllegalStateException: Expected error 1
	at com.michaelsgroi.test.junitility.integration.MixedResultsTest.testError1(MixedResultsTest.kt:27)
	at java.base/java.lang.reflect.Method.invoke(Method.java:565)
	at java.base/java.util.ArrayList.forEach(ArrayList.java:1604)
	at java.base/java.util.ArrayList.forEach(ArrayList.java:1604)

com.michaelsgroi.test.junitility.integration.MixedResultsTest.testError2 -- Time elapsed: 0.001 s <<< ERROR!
java.lang.NullPointerException: Expected error 2
	at com.michaelsgroi.test.junitility.integration.MixedResultsTest.testError2(MixedResultsTest.kt:45)
	at java.base/java.lang.reflect.Method.invoke(Method.java:565)
	at java.base/java.util.ArrayList.forEach(ArrayList.java:1604)
	at java.base/java.util.ArrayList.forEach(ArrayList.java:1604)

com.michaelsgroi.test.junitility.integration.MixedResultsTest.testFailure1 -- Time elapsed: 0.001 s <<< FAILURE!
java.lang.AssertionError: Expected failure 1
	at com.michaelsgroi.test.junitility.integration.MixedResultsTest.testFailure1(MixedResultsTest.kt:18)
	at java.base/java.lang.reflect.Method.invoke(Method.java:565)
	at java.base/java.util.ArrayList.forEach(ArrayList.java:1604)
	at java.base/java.util.ArrayList.forEach(ArrayList.java:1604)

com.michaelsgroi.test.junitility.integration.MixedResultsTest.testFailure2 -- Time elapsed: 0.001 s <<< FAILURE!
java.lang.AssertionError: Expected failure 2
	at com.michaelsgroi.test.junitility.integration.MixedResultsTest.testFailure2(MixedResultsTest.kt:36)
	at java.base/java.lang.reflect.Method.invoke(Method.java:565)
	at java.base/java.util.ArrayList.forEach(ArrayList.java:1604)
	at java.base/java.util.ArrayList.forEach(ArrayList.java:1604)

