<?xml version="1.0" encoding="UTF-8"?>
<testsuite xmlns:xsi="http://www.w3.org/2001/XMLSchema-instance" xsi:noNamespaceSchemaLocation="https://maven.apache.org/surefire/maven-surefire-plugin/xsd/surefire-test-report.xsd" version="3.0.2" name="com.michaelsgroi.test.junitility.integration.BeforeAllFailureTest" time="0.001" tests="1" errors="1" skipped="0" failures="0" flakes="0">
  <properties>
[...]
</properties>
  <testcase name="" classname="com.michaelsgroi.test.junitility.integration.BeforeAllFailureTest" time="0.001">
    <error message="BeforeAll failed" type="java.lang.RuntimeException"><![CDATA[java.lang.RuntimeException: BeforeAll failed
	at com.michaelsgroi.test.junitility.integration.BeforeAllFailureTest$Companion.setupThatFails(BeforeAllFailureTest.kt:10)
	at com.michaelsgroi.test.junitility.integration.BeforeAllFailureTest.setupThatFails(BeforeAllFailureTest.kt)
	at java.base/java.lang.reflect.Method.invoke(Method.java:565)
	at java.base/java.util.ArrayList.forEach(ArrayList.java:1604)
]]></error>
  </testcase>
</testsuite>