<?xml version="1.0" encoding="UTF-8"?>
<testsuite xmlns:xsi="http://www.w3.org/2001/XMLSchema-instance" xsi:noNamespaceSchemaLocation="https://maven.apache.org/surefire/maven-surefire-plugin/xsd/surefire-test-report.xsd" version="3.0.2" name="com.michaelsgroi.test.junitility.integration.MixedResultsTest" time="0.014" tests="9" errors="2" skipped="0" failures="2" flakes="0">
  <properties>
[...]
</properties>
  <testcase name="testSuccess1" classname="com.michaelsgroi.test.junitility.integration.MixedResultsTest" time="0.001"/>
  <testcase name="testSuccess2" classname="com.michaelsgroi.test.junitility.integration.MixedResultsTest" time="0.001"/>
  <testcase name="testSuccess3" classname="com.michaelsgroi.test.junitility.integration.MixedResultsTest" time="0.0"/>
  <testcase name="testSuccess4" classname="com.michaelsgroi.test.junitility.integration.MixedResultsTest" time="0.006"/>
  <testcase name="testSuccess5" classname="com.michaelsgroi.test.junitility.integration.MixedResultsTest" time="0.001"/>
  <testcase name="testError1" classname="com.michaelsgroi.test.junitility.integration.MixedResultsTest" time="0.001">
    <error message="Expected error 1" type="java.lang.IllegalStateException"><![CDATA[java.lang.IllegalStateException: Expected error 1
	at com.michaelsgroi.test.junitility.integration.MixedResultsTest.testError1(MixedResultsTest.kt:27)
	at java.base/java.lang.reflect.Method.invoke(Method.java:565)
	at java.base/java.util.ArrayList.forEach(ArrayList.java:1604)
	at java.base/java.util.ArrayList.forEach(ArrayList.java:1604)
]]></error>
  </testcase>
  <testcase name="testError2" classname="com.michaelsgroi.test.junitility.integration.MixedResultsTest" time="0.001">
    <error message="Expected error 2" type="java.lang.NullPointerException"><![CDATA[java.lang.NullPointerException: Expected error 2
	at com.michaelsgroi.test.junitility.integration.MixedResultsTest.testError2(MixedResultsTest.kt:45)
	at java.base/java.lang.reflect.Method.invoke(Method.java:565)
	at java.base/java.util.ArrayList.forEach(ArrayList.java:1604)
	at java.base/java.util.ArrayList.forEach(ArrayList.java:1604)
]]></error>
  </testcase>
  <testcase name="testFailure1" classname="com.michaelsgroi.test.junitility.integration.MixedResultsTest" time="0.001">
    <failure message="Expected failure 1" type="java.lang.AssertionError"><![CDATA[java.lang.AssertionError: Expected failure 1
	at com.michaelsgroi.test.junitility.integration.MixedResultsTest.testFailure1(MixedResultsTest.kt:18)
	at java.base/java.lang.reflect.Method.invoke(Method.java:565)
	at java.base/java.util.ArrayList.forEach(ArrayList.java:1604)
	at java.base/java.util.ArrayList.forEach(ArrayList.java:1604)
]]></failure>
  </testcase>
  <testcase name="testFailure2" classname="com.michaelsgroi.test.junitility.integration.MixedResultsTest" time="0.001">
    <failure message="Expected failure 2" type="java.lang.AssertionError"><![CDATA[java.lang.AssertionError: Expected failure 2
	at com.michaelsgroi.test.junitility.integration.MixedResultsTest.testFailure2(MixedResultsTest.kt:36)
	at java.base/java.lang.reflect.Method.invoke(Method.java:565)
	at java.base/java.util.ArrayList.forEach(ArrayList.java:1604)
	at java.base/java.util.ArrayList.forEach(ArrayList.java:1604)
]]></failure>
  </testcase>
</testsuite>